<?xml version="1.0" encoding="UTF-8"?>
<testng-results ignored="0" total="1" passed="1" failed="0" skipped="0">
  <reporter-output>
  </reporter-output>
  <suite started-at="2022-08-03T10:23:27 IST" name="Default suite" finished-at="2022-08-03T10:23:49 IST" duration-ms="22252">
    <groups>
    </groups>
    <test started-at="2022-08-03T10:23:27 IST" name="Default test" finished-at="2022-08-03T10:23:49 IST" duration-ms="22252">
      <class name="workBook.excel.Excel_Read_Write">
        <test-method signature="write()[pri:0, instance:workBook.excel.Excel_Read_Write@73e22a3d]" started-at="2022-08-03T10:23:27 IST" name="write" finished-at="2022-08-03T10:23:49 IST" duration-ms="22171" status="PASS">
          <reporter-output>
          </reporter-output>
        </test-method> <!-- write -->
        <test-method is-config="true" signature="read()[pri:0, instance:workBook.excel.Excel_Read_Write@73e22a3d]" started-at="2022-08-03T10:23:49 IST" name="read" finished-at="2022-08-03T10:23:49 IST" duration-ms="47" status="PASS">
          <reporter-output>
          </reporter-output>
        </test-method> <!-- read -->
      </class> <!-- workBook.excel.Excel_Read_Write -->
    </test> <!-- Default test -->
  </suite> <!-- Default suite -->
</testng-results>
